[debug] [2021-11-16T05:02:25.267Z] ----------------------------------------------------------------------
[debug] [2021-11-16T05:02:25.269Z] Command:       C:\Program Files\nodejs\node.exe C:\Users\Hirun\AppData\Roaming\npm\node_modules\firebase-tools\lib\bin\firebase.js init functions
[debug] [2021-11-16T05:02:25.269Z] CLI Version:   9.22.0
[debug] [2021-11-16T05:02:25.269Z] Platform:      win32
[debug] [2021-11-16T05:02:25.269Z] Node Version:  v14.18.1
[debug] [2021-11-16T05:02:25.270Z] Time:          Tue Nov 16 2021 10:32:25 GMT+0530 (India Standard Time)
[debug] [2021-11-16T05:02:25.270Z] ----------------------------------------------------------------------
[debug] 
[debug] [2021-11-16T05:02:25.272Z] >>> [apiv2][query] GET https://firebase-public.firebaseio.com/cli.json [none]
[debug] [2021-11-16T05:02:25.292Z] > command requires scopes: ["email","openid","https://www.googleapis.com/auth/cloudplatformprojects.readonly","https://www.googleapis.com/auth/firebase","https://www.googleapis.com/auth/cloud-platform"]
[debug] [2021-11-16T05:02:25.292Z] > authorizing via signed-in user (hirundwickramasinghe@gmail.com)
[info] 
     ######## #### ########  ######## ########     ###     ######  ########
     ##        ##  ##     ## ##       ##     ##  ##   ##  ##       ##
     ######    ##  ########  ######   ########  #########  ######  ######
     ##        ##  ##    ##  ##       ##     ## ##     ##       ## ##
     ##       #### ##     ## ######## ########  ##     ##  ######  ########

You're about to initialize a Firebase project in this directory:

  D:\MetroWeb\MetroWeb

[debug] [2021-11-16T05:02:28.182Z] <<< [apiv2][status] GET https://firebase-public.firebaseio.com/cli.json 200
[debug] [2021-11-16T05:02:28.183Z] <<< [apiv2][body] GET https://firebase-public.firebaseio.com/cli.json {"cloudBuildErrorAfter":1594252800000,"cloudBuildWarnAfter":1590019200000,"defaultNode10After":1594252800000,"minVersion":"3.0.5","node8DeploysDisabledAfter":1613390400000,"node8RuntimeDisabledAfter":1615809600000,"node8WarnAfter":1600128000000}
